Arguments: 
  D:\NodeJs\node.exe C:\Program Files (x86)\Yarn\bin\yarn.js add @types/draftjs-to-html/index

PATH: 
  C:\Python38\Scripts\;C:\Python38\;C:\Program Files (x86)\Common Files\Oracle\Java\javapath;C:\Program Files (x86)\Intel\Intel(R) Management Engine Components\iCLS\;C:\Program Files\Intel\Intel(R) Management Engine Components\iCLS\;C:\Windows\system32;C:\Windows;C:\Windows\System32\Wbem;C:\Windows\System32\WindowsPowerShell\v1.0\;C:\Windows\System32\OpenSSH\;C:\Program Files (x86)\Intel\Intel(R) Management Engine Components\DAL;C:\Program Files\Intel\Intel(R) Management Engine Components\DAL;C:\Program Files (x86)\Intel\Intel(R) Management Engine Components\IPT;C:\Program Files\Intel\Intel(R) Management Engine Components\IPT;C:\Program Files\NVIDIA Corporation\NVIDIA NvDLISR;C:\Program Files (x86)\NVIDIA Corporation\PhysX\Common;C:\Program Files\PuTTY\;C:\Program Files\dotnet\;C:\Program Files\Microsoft SQL Server\130\Tools\Binn\;C:\Program Files\Microsoft SQL Server\Client SDK\ODBC\170\Tools\Binn\;C:\Program Files\Git\cmd;C:\Program Files\SafeNet\Authentication\SAC\x64;C:\Program Files\SafeNet\Authentication\SAC\x32;C:\WINDOWS\system32;C:\WINDOWS;C:\WINDOWS\System32\Wbem;C:\WINDOWS\System32\WindowsPowerShell\v1.0\;C:\WINDOWS\System32\OpenSSH\;D:\NodeJs\;C:\ProgramData\chocolatey\bin;C:\Program Files (x86)\Yarn\bin\;D:\AnacondaPy;D:\AnacondaPy\Library\mingw-w64\bin;D:\AnacondaPy\Library\usr\bin;D:\AnacondaPy\Library\bin;D:\AnacondaPy\Scripts;C:\Users\TABELIÃO\AppData\Local\Microsoft\WindowsApps;D:\Heroku\bin;D:\Microsoft VS Code\bin;C:\Users\TABELIÃO\AppData\Roaming\npm;C:\Users\TABELIÃO\AppData\Local\Yarn\bin

Yarn version: 
  1.22.5

Node version: 
  12.18.3

Platform: 
  win32 x64

Trace: 
  Error: https://registry.yarnpkg.com/@types%2fdraftjs-to-html/index: Request "https://registry.yarnpkg.com/@types%2fdraftjs-to-html/index" returned a 405
      at Request.params.callback [as _callback] (C:\Program Files (x86)\Yarn\lib\cli.js:66106:18)
      at Request.self.callback (C:\Program Files (x86)\Yarn\lib\cli.js:140749:22)
      at Request.emit (events.js:315:20)
      at Request.<anonymous> (C:\Program Files (x86)\Yarn\lib\cli.js:141721:10)
      at Request.emit (events.js:315:20)
      at IncomingMessage.<anonymous> (C:\Program Files (x86)\Yarn\lib\cli.js:141643:12)
      at Object.onceWrapper (events.js:421:28)
      at IncomingMessage.emit (events.js:327:22)
      at endReadableNT (_stream_readable.js:1220:12)
      at processTicksAndRejections (internal/process/task_queues.js:84:21)

npm manifest: 
  {
    "dependencies": {
      "@types/draftjs-to-html": "^0.8.0",
      "draftjs-to-html": "^0.9.1"
    }
  }

yarn manifest: 
  No manifest

Lockfile: 
  # THIS IS AN AUTOGENERATED FILE. DO NOT EDIT THIS FILE DIRECTLY.
  # yarn lockfile v1
  
  
  "@types/draft-js@*":
    version "0.10.44"
    resolved "https://registry.yarnpkg.com/@types/draft-js/-/draft-js-0.10.44.tgz#7cd59d1cc335df31a92e86d09429ea22ce2f6a4f"
    integrity sha512-6p3FZED91yPf+KQinlzFz1HuqSQ5zRXqU3RUsaP2oQYZTtrm5HDf2kwYnF5IihsleHR3jlQAwdSZt0zlJw3VGQ==
    dependencies:
      "@types/react" "*"
      immutable "~3.7.4"
  
  "@types/draftjs-to-html@^0.8.0":
    version "0.8.0"
    resolved "https://registry.yarnpkg.com/@types/draftjs-to-html/-/draftjs-to-html-0.8.0.tgz#17b1c3f19847710e52367277578a6c50e311c87a"
    integrity sha512-XiuzaCE088fhtlDi4GM6w2lzqAe2ZHjc7AqenU3LS6/j0Kmhgx7Gfw9NBVsp9KEG1beBqcFLaRbzjZsF15/rBA==
    dependencies:
      "@types/draft-js" "*"
  
  "@types/prop-types@*":
    version "15.7.3"
    resolved "https://registry.yarnpkg.com/@types/prop-types/-/prop-types-15.7.3.tgz#2ab0d5da2e5815f94b0b9d4b95d1e5f243ab2ca7"
    integrity sha512-KfRL3PuHmqQLOG+2tGpRO26Ctg+Cq1E01D2DMriKEATHgWLfeNDmq9e29Q9WIky0dQ3NPkd1mzYH8Lm936Z9qw==
  
  "@types/react@*":
    version "17.0.0"
    resolved "https://registry.yarnpkg.com/@types/react/-/react-17.0.0.tgz#5af3eb7fad2807092f0046a1302b7823e27919b8"
    integrity sha512-aj/L7RIMsRlWML3YB6KZiXB3fV2t41+5RBGYF8z+tAKU43Px8C3cYUZsDvf1/+Bm4FK21QWBrDutu8ZJ/70qOw==
    dependencies:
      "@types/prop-types" "*"
      csstype "^3.0.2"
  
  csstype@^3.0.2:
    version "3.0.6"
    resolved "https://registry.yarnpkg.com/csstype/-/csstype-3.0.6.tgz#865d0b5833d7d8d40f4e5b8a6d76aea3de4725ef"
    integrity sha512-+ZAmfyWMT7TiIlzdqJgjMb7S4f1beorDbWbsocyK4RaiqA5RTX3K14bnBWmmA9QEM0gRdsjyyrEmcyga8Zsxmw==
  
  draftjs-to-html@^0.9.1:
    version "0.9.1"
    resolved "https://registry.yarnpkg.com/draftjs-to-html/-/draftjs-to-html-0.9.1.tgz#1c870fbb588d2390204cb4d0ee7e04ad0c709969"
    integrity sha512-fFstE6+IayaVFBEvaFt/wN8vdj8FsTRzij7dy7LI9QIwf5LgfHFi9zSpvCg+feJ2tbYVqHxUkjcibwpsTpgFVQ==
  
  immutable@~3.7.4:
    version "3.7.6"
    resolved "https://registry.yarnpkg.com/immutable/-/immutable-3.7.6.tgz#13b4d3cb12befa15482a26fe1b2ebae640071e4b"
    integrity sha1-E7TTyxK++hVIKib+Gy665kAHHks=
